[ 2017-09-09T18:27:44+08:00 ] ::1 /Pets/
INFO: [ app_init ] --START--
INFO: Run Behavior\BuildLiteBehavior [ RunTime:0.000015s ]
INFO: [ app_init ] --END-- [ RunTime:0.012941s ]
INFO: [ app_begin ] --START--
INFO: Run Behavior\ReadHtmlCacheBehavior [ RunTime:0.017782s ]
INFO: [ app_begin ] --END-- [ RunTime:0.017831s ]

[ 2017-09-09T18:27:45+08:00 ] ::1 /Pets/index.php/Home/Index/login.html
INFO: [ app_init ] --START--
INFO: Run Behavior\BuildLiteBehavior [ RunTime:0.000006s ]
INFO: [ app_init ] --END-- [ RunTime:0.000212s ]
INFO: [ app_begin ] --START--
INFO: Run Behavior\ReadHtmlCacheBehavior [ RunTime:0.000403s ]
INFO: [ app_begin ] --END-- [ RunTime:0.000437s ]
INFO: [ view_parse ] --START--
INFO: [ template_filter ] --START--
INFO: Run Behavior\ContentReplaceBehavior [ RunTime:0.001047s ]
INFO: [ template_filter ] --END-- [ RunTime:0.001103s ]
INFO: Run Behavior\ParseTemplateBehavior [ RunTime:0.158967s ]
INFO: [ view_parse ] --END-- [ RunTime:0.159027s ]
INFO: [ view_filter ] --START--
INFO: Run Behavior\WriteHtmlCacheBehavior [ RunTime:0.012562s ]
INFO: [ view_filter ] --END-- [ RunTime:0.012600s ]
INFO: [ app_end ] --START--
INFO: Run Behavior\ShowPageTraceBehavior [ RunTime:0.008980s ]
INFO: [ app_end ] --END-- [ RunTime:0.009021s ]

[ 2017-09-09T18:27:47+08:00 ] ::1 /Pets/index.php/Home/Index/login.html
INFO: [ app_init ] --START--
INFO: Run Behavior\BuildLiteBehavior [ RunTime:0.000006s ]
INFO: [ app_init ] --END-- [ RunTime:0.000251s ]
INFO: [ app_begin ] --START--
INFO: Run Behavior\ReadHtmlCacheBehavior [ RunTime:0.000345s ]
INFO: [ app_begin ] --END-- [ RunTime:0.000371s ]
INFO: [ view_parse ] --START--
INFO: [ template_filter ] --START--
INFO: Run Behavior\ContentReplaceBehavior [ RunTime:0.000078s ]
INFO: [ template_filter ] --END-- [ RunTime:0.000143s ]
INFO: Run Behavior\ParseTemplateBehavior [ RunTime:0.006853s ]
INFO: [ view_parse ] --END-- [ RunTime:0.006896s ]
INFO: [ view_filter ] --START--
INFO: Run Behavior\WriteHtmlCacheBehavior [ RunTime:0.000268s ]
INFO: [ view_filter ] --END-- [ RunTime:0.000289s ]
SQL: SHOW COLUMNS FROM `admin` [ RunTime:0.0244s ]
SQL: SELECT * FROM `admin` WHERE ( adminaccount="222" and adminpassword="bcbe3365e6ac95ea2c0343a2395834dd" )  [ RunTime:0.0022s ]

[ 2017-09-09T18:27:49+08:00 ] ::1 /Pets/index.php/Home/Index.html
INFO: [ app_init ] --START--
INFO: Run Behavior\BuildLiteBehavior [ RunTime:0.000008s ]
INFO: [ app_init ] --END-- [ RunTime:0.000257s ]
INFO: [ app_begin ] --START--
INFO: Run Behavior\ReadHtmlCacheBehavior [ RunTime:0.000329s ]
INFO: [ app_begin ] --END-- [ RunTime:0.000357s ]
SQL: SHOW COLUMNS FROM `admin` [ RunTime:0.0138s ]
SQL: SELECT * FROM `admin` WHERE ( adminaccount='222' )  [ RunTime:0.0002s ]
SQL: SHOW COLUMNS FROM `user` [ RunTime:0.0217s ]
SQL: SELECT * FROM `user` ORDER BY id  [ RunTime:0.0003s ]
INFO: [ view_parse ] --START--
NOTIC: [2] file_get_contents(./Application/Home/View/Public/header.html): failed to open stream: No such file or directory D:\Apache24\htdocs\Pets\ThinkPHP\Library\Think\Template.class.php 第 696 行.
NOTIC: [2] file_get_contents(./Application/Home/View/Public/footer.html): failed to open stream: No such file or directory D:\Apache24\htdocs\Pets\ThinkPHP\Library\Think\Template.class.php 第 696 行.
INFO: [ template_filter ] --START--
INFO: Run Behavior\ContentReplaceBehavior [ RunTime:0.000071s ]
INFO: [ template_filter ] --END-- [ RunTime:0.000112s ]
INFO: Run Behavior\ParseTemplateBehavior [ RunTime:0.132087s ]
INFO: [ view_parse ] --END-- [ RunTime:0.132130s ]
INFO: [ view_filter ] --START--
INFO: Run Behavior\WriteHtmlCacheBehavior [ RunTime:0.000218s ]
INFO: [ view_filter ] --END-- [ RunTime:0.000241s ]
INFO: [ app_end ] --START--
INFO: Run Behavior\ShowPageTraceBehavior [ RunTime:0.000616s ]
INFO: [ app_end ] --END-- [ RunTime:0.000652s ]

[ 2017-09-09T18:27:50+08:00 ] ::1 /Pets/index.php/Home/Index/petslist.html
INFO: [ app_init ] --START--
INFO: Run Behavior\BuildLiteBehavior [ RunTime:0.000008s ]
INFO: [ app_init ] --END-- [ RunTime:0.000221s ]
INFO: [ app_begin ] --START--
INFO: Run Behavior\ReadHtmlCacheBehavior [ RunTime:0.000317s ]
INFO: [ app_begin ] --END-- [ RunTime:0.000341s ]
SQL: SHOW COLUMNS FROM `admin` [ RunTime:0.0131s ]
SQL: SELECT * FROM `admin` WHERE ( adminaccount='222' )  [ RunTime:0.0003s ]
SQL: SHOW COLUMNS FROM `pet` [ RunTime:0.0158s ]
SQL: SELECT pet.id,`petname`,`breed`,`age`,`sex`,`entertime`,room.name roomname FROM pet pet,room room WHERE ( room.id=pet.roomid AND pet.istaken=0 ) ORDER BY roomname  [ RunTime:0.0055s ]
INFO: [ view_parse ] --START--
NOTIC: [2] file_get_contents(./Application/Home/View/Public/header.html): failed to open stream: No such file or directory D:\Apache24\htdocs\Pets\ThinkPHP\Library\Think\Template.class.php 第 696 行.
NOTIC: [2] file_get_contents(./Application/Home/View/Public/footer.html): failed to open stream: No such file or directory D:\Apache24\htdocs\Pets\ThinkPHP\Library\Think\Template.class.php 第 696 行.
INFO: [ template_filter ] --START--
INFO: Run Behavior\ContentReplaceBehavior [ RunTime:0.000070s ]
INFO: [ template_filter ] --END-- [ RunTime:0.000109s ]
INFO: Run Behavior\ParseTemplateBehavior [ RunTime:0.082189s ]
INFO: [ view_parse ] --END-- [ RunTime:0.082235s ]
INFO: [ view_filter ] --START--
INFO: Run Behavior\WriteHtmlCacheBehavior [ RunTime:0.000187s ]
INFO: [ view_filter ] --END-- [ RunTime:0.000208s ]
INFO: [ app_end ] --START--
INFO: Run Behavior\ShowPageTraceBehavior [ RunTime:0.000434s ]
INFO: [ app_end ] --END-- [ RunTime:0.000464s ]

[ 2017-09-09T18:27:52+08:00 ] ::1 /Pets/index.php/Home/Index/pet/id/1.html
INFO: [ app_init ] --START--
INFO: Run Behavior\BuildLiteBehavior [ RunTime:0.000006s ]
INFO: [ app_init ] --END-- [ RunTime:0.000241s ]
INFO: [ app_begin ] --START--
INFO: Run Behavior\ReadHtmlCacheBehavior [ RunTime:0.000276s ]
INFO: [ app_begin ] --END-- [ RunTime:0.000299s ]
SQL: SHOW COLUMNS FROM `admin` [ RunTime:0.0152s ]
SQL: SELECT * FROM `admin` WHERE ( adminaccount='222' )  [ RunTime:0.0002s ]
SQL: SHOW COLUMNS FROM `pet` [ RunTime:0.0095s ]
SQL: SELECT * FROM `pet` WHERE ( id=1 )  [ RunTime:0.0003s ]
SQL: SHOW COLUMNS FROM `room` [ RunTime:0.0113s ]
SQL: SELECT * FROM `room` WHERE ( nownum<capacity )  [ RunTime:0.0003s ]
SQL: SHOW COLUMNS FROM `careworker` [ RunTime:0.0589s ]
SQL: SELECT * FROM `careworker`  [ RunTime:0.0003s ]
SQL: SHOW COLUMNS FROM `lookafter` [ RunTime:0.0158s ]
SQL: SELECT * FROM `lookafter` WHERE ( petid=1 )  [ RunTime:0.0006s ]
INFO: [ view_parse ] --START--
NOTIC: [2] file_get_contents(./Application/Home/View/Public/header.html): failed to open stream: No such file or directory D:\Apache24\htdocs\Pets\ThinkPHP\Library\Think\Template.class.php 第 696 行.
NOTIC: [2] file_get_contents(./Application/Home/View/Public/footer.html): failed to open stream: No such file or directory D:\Apache24\htdocs\Pets\ThinkPHP\Library\Think\Template.class.php 第 696 行.
INFO: [ template_filter ] --START--
INFO: Run Behavior\ContentReplaceBehavior [ RunTime:0.000179s ]
INFO: [ template_filter ] --END-- [ RunTime:0.000215s ]
NOTIC: [8] Undefined variable: id D:\Apache24\htdocs\Pets\Application\Runtime\Cache\Home\2dd8c519fd5178cca0e2dc5b1e19c51f.php 第 284 行.
NOTIC: [8] Undefined index: female D:\Apache24\htdocs\Pets\Application\Runtime\Cache\Home\2dd8c519fd5178cca0e2dc5b1e19c51f.php 第 331 行.
INFO: Run Behavior\ParseTemplateBehavior [ RunTime:0.112306s ]
INFO: [ view_parse ] --END-- [ RunTime:0.112345s ]
INFO: [ view_filter ] --START--
INFO: Run Behavior\WriteHtmlCacheBehavior [ RunTime:0.000184s ]
INFO: [ view_filter ] --END-- [ RunTime:0.000204s ]
INFO: [ app_end ] --START--
INFO: Run Behavior\ShowPageTraceBehavior [ RunTime:0.000369s ]
INFO: [ app_end ] --END-- [ RunTime:0.000398s ]

[ 2017-09-09T18:28:01+08:00 ] ::1 /Pets/index.php/Home/Index/pet/id/1.html
INFO: [ app_init ] --START--
INFO: Run Behavior\BuildLiteBehavior [ RunTime:0.000008s ]
INFO: [ app_init ] --END-- [ RunTime:0.000256s ]
INFO: [ app_begin ] --START--
INFO: Run Behavior\ReadHtmlCacheBehavior [ RunTime:0.000353s ]
INFO: [ app_begin ] --END-- [ RunTime:0.000382s ]
SQL: SHOW COLUMNS FROM `admin` [ RunTime:0.0149s ]
SQL: SELECT * FROM `admin` WHERE ( adminaccount='222' )  [ RunTime:0.0003s ]
SQL: SHOW COLUMNS FROM `pet` [ RunTime:0.0077s ]
SQL: SELECT * FROM `pet` WHERE ( id=1 )  [ RunTime:0.0003s ]
SQL: SHOW COLUMNS FROM `room` [ RunTime:0.0082s ]
SQL: SELECT * FROM `room` WHERE ( nownum<capacity )  [ RunTime:0.0002s ]
SQL: SHOW COLUMNS FROM `careworker` [ RunTime:0.0085s ]
SQL: SELECT * FROM `careworker`  [ RunTime:0.0002s ]
SQL: SHOW COLUMNS FROM `lookafter` [ RunTime:0.0112s ]
SQL: SELECT * FROM `lookafter` WHERE ( petid=1 )  [ RunTime:0.0002s ]
INFO: [ view_parse ] --START--
NOTIC: [2] file_get_contents(./Application/Home/View/Public/header.html): failed to open stream: No such file or directory D:\Apache24\htdocs\Pets\ThinkPHP\Library\Think\Template.class.php 第 696 行.
NOTIC: [2] file_get_contents(./Application/Home/View/Public/footer.html): failed to open stream: No such file or directory D:\Apache24\htdocs\Pets\ThinkPHP\Library\Think\Template.class.php 第 696 行.
INFO: [ template_filter ] --START--
INFO: Run Behavior\ContentReplaceBehavior [ RunTime:0.000143s ]
INFO: [ template_filter ] --END-- [ RunTime:0.000177s ]
NOTIC: [8] Undefined variable: id D:\Apache24\htdocs\Pets\Application\Runtime\Cache\Home\2dd8c519fd5178cca0e2dc5b1e19c51f.php 第 284 行.
NOTIC: [8] Undefined index: female D:\Apache24\htdocs\Pets\Application\Runtime\Cache\Home\2dd8c519fd5178cca0e2dc5b1e19c51f.php 第 331 行.
INFO: Run Behavior\ParseTemplateBehavior [ RunTime:0.098276s ]
INFO: [ view_parse ] --END-- [ RunTime:0.098307s ]
INFO: [ view_filter ] --START--
INFO: Run Behavior\WriteHtmlCacheBehavior [ RunTime:0.000282s ]
INFO: [ view_filter ] --END-- [ RunTime:0.000323s ]
SQL: UPDATE `pet` SET `img`='/Pets/Public/webuploader-0.1.5/upload/b071f40e99ad60b0b8ab57bd724cbd99.jpg',`petname`='123',`roomid`='1',`breed`='333',`age`='1',`character`='2',`sex`='m',`entertime`='2016-12-23' WHERE ( id=1 ) [ RunTime:0.0020s ]
SQL: DELETE FROM `lookafter` WHERE ( petid=1 ) [ RunTime:0.0009s ]
SQL: INSERT INTO `lookafter` (`careworkerid`,`petid`) VALUES ('1','1') [ RunTime:0.0003s ]
SQL: INSERT INTO `lookafter` (`careworkerid`,`petid`) VALUES ('2','1') [ RunTime:0.0038s ]
SQL: INSERT INTO `lookafter` (`careworkerid`,`petid`) VALUES ('6','1') [ RunTime:0.0002s ]

[ 2017-09-09T18:28:03+08:00 ] ::1 /Pets/index.php/Home/Index/petslist.html
INFO: [ app_init ] --START--
INFO: Run Behavior\BuildLiteBehavior [ RunTime:0.000030s ]
INFO: [ app_init ] --END-- [ RunTime:0.001284s ]
INFO: [ app_begin ] --START--
INFO: Run Behavior\ReadHtmlCacheBehavior [ RunTime:0.000395s ]
INFO: [ app_begin ] --END-- [ RunTime:0.000429s ]
SQL: SHOW COLUMNS FROM `admin` [ RunTime:0.0165s ]
SQL: SELECT * FROM `admin` WHERE ( adminaccount='222' )  [ RunTime:0.0003s ]
SQL: SHOW COLUMNS FROM `pet` [ RunTime:0.0124s ]
SQL: SELECT pet.id,`petname`,`breed`,`age`,`sex`,`entertime`,room.name roomname FROM pet pet,room room WHERE ( room.id=pet.roomid AND pet.istaken=0 ) ORDER BY roomname  [ RunTime:0.0004s ]
INFO: [ view_parse ] --START--
NOTIC: [2] file_get_contents(./Application/Home/View/Public/header.html): failed to open stream: No such file or directory D:\Apache24\htdocs\Pets\ThinkPHP\Library\Think\Template.class.php 第 696 行.
NOTIC: [2] file_get_contents(./Application/Home/View/Public/footer.html): failed to open stream: No such file or directory D:\Apache24\htdocs\Pets\ThinkPHP\Library\Think\Template.class.php 第 696 行.
INFO: [ template_filter ] --START--
INFO: Run Behavior\ContentReplaceBehavior [ RunTime:0.000107s ]
INFO: [ template_filter ] --END-- [ RunTime:0.000182s ]
INFO: Run Behavior\ParseTemplateBehavior [ RunTime:0.125884s ]
INFO: [ view_parse ] --END-- [ RunTime:0.125929s ]
INFO: [ view_filter ] --START--
INFO: Run Behavior\WriteHtmlCacheBehavior [ RunTime:0.000181s ]
INFO: [ view_filter ] --END-- [ RunTime:0.000202s ]
INFO: [ app_end ] --START--
INFO: Run Behavior\ShowPageTraceBehavior [ RunTime:0.000440s ]
INFO: [ app_end ] --END-- [ RunTime:0.000467s ]

[ 2017-09-09T18:28:04+08:00 ] ::1 /Pets/index.php/Home/Index/pet/id/1.html
INFO: [ app_init ] --START--
INFO: Run Behavior\BuildLiteBehavior [ RunTime:0.000007s ]
INFO: [ app_init ] --END-- [ RunTime:0.000217s ]
INFO: [ app_begin ] --START--
INFO: Run Behavior\ReadHtmlCacheBehavior [ RunTime:0.000274s ]
INFO: [ app_begin ] --END-- [ RunTime:0.000300s ]
SQL: SHOW COLUMNS FROM `admin` [ RunTime:0.0126s ]
SQL: SELECT * FROM `admin` WHERE ( adminaccount='222' )  [ RunTime:0.0002s ]
SQL: SHOW COLUMNS FROM `pet` [ RunTime:0.0092s ]
SQL: SELECT * FROM `pet` WHERE ( id=1 )  [ RunTime:0.0003s ]
SQL: SHOW COLUMNS FROM `room` [ RunTime:0.0083s ]
SQL: SELECT * FROM `room` WHERE ( nownum<capacity )  [ RunTime:0.0002s ]
SQL: SHOW COLUMNS FROM `careworker` [ RunTime:0.0083s ]
SQL: SELECT * FROM `careworker`  [ RunTime:0.0003s ]
SQL: SHOW COLUMNS FROM `lookafter` [ RunTime:0.0081s ]
SQL: SELECT * FROM `lookafter` WHERE ( petid=1 )  [ RunTime:0.0003s ]
INFO: [ view_parse ] --START--
NOTIC: [2] file_get_contents(./Application/Home/View/Public/header.html): failed to open stream: No such file or directory D:\Apache24\htdocs\Pets\ThinkPHP\Library\Think\Template.class.php 第 696 行.
NOTIC: [2] file_get_contents(./Application/Home/View/Public/footer.html): failed to open stream: No such file or directory D:\Apache24\htdocs\Pets\ThinkPHP\Library\Think\Template.class.php 第 696 行.
INFO: [ template_filter ] --START--
INFO: Run Behavior\ContentReplaceBehavior [ RunTime:0.000131s ]
INFO: [ template_filter ] --END-- [ RunTime:0.000163s ]
NOTIC: [8] Undefined variable: id D:\Apache24\htdocs\Pets\Application\Runtime\Cache\Home\2dd8c519fd5178cca0e2dc5b1e19c51f.php 第 284 行.
NOTIC: [8] Undefined index: female D:\Apache24\htdocs\Pets\Application\Runtime\Cache\Home\2dd8c519fd5178cca0e2dc5b1e19c51f.php 第 331 行.
INFO: Run Behavior\ParseTemplateBehavior [ RunTime:0.075686s ]
INFO: [ view_parse ] --END-- [ RunTime:0.075718s ]
INFO: [ view_filter ] --START--
INFO: Run Behavior\WriteHtmlCacheBehavior [ RunTime:0.000189s ]
INFO: [ view_filter ] --END-- [ RunTime:0.000210s ]
INFO: [ app_end ] --START--
INFO: Run Behavior\ShowPageTraceBehavior [ RunTime:0.000380s ]
INFO: [ app_end ] --END-- [ RunTime:0.000423s ]

[ 2017-09-09T18:28:06+08:00 ] ::1 /Pets/index.php/Home/Index/petslist.html
INFO: [ app_init ] --START--
INFO: Run Behavior\BuildLiteBehavior [ RunTime:0.000007s ]
INFO: [ app_init ] --END-- [ RunTime:0.000251s ]
INFO: [ app_begin ] --START--
INFO: Run Behavior\ReadHtmlCacheBehavior [ RunTime:0.000304s ]
INFO: [ app_begin ] --END-- [ RunTime:0.000332s ]
SQL: SHOW COLUMNS FROM `admin` [ RunTime:0.0131s ]
SQL: SELECT * FROM `admin` WHERE ( adminaccount='222' )  [ RunTime:0.0002s ]
SQL: SHOW COLUMNS FROM `pet` [ RunTime:0.0080s ]
SQL: SELECT pet.id,`petname`,`breed`,`age`,`sex`,`entertime`,room.name roomname FROM pet pet,room room WHERE ( room.id=pet.roomid AND pet.istaken=0 ) ORDER BY roomname  [ RunTime:0.0003s ]
INFO: [ view_parse ] --START--
NOTIC: [2] file_get_contents(./Application/Home/View/Public/header.html): failed to open stream: No such file or directory D:\Apache24\htdocs\Pets\ThinkPHP\Library\Think\Template.class.php 第 696 行.
NOTIC: [2] file_get_contents(./Application/Home/View/Public/footer.html): failed to open stream: No such file or directory D:\Apache24\htdocs\Pets\ThinkPHP\Library\Think\Template.class.php 第 696 行.
INFO: [ template_filter ] --START--
INFO: Run Behavior\ContentReplaceBehavior [ RunTime:0.000077s ]
INFO: [ template_filter ] --END-- [ RunTime:0.000105s ]
INFO: Run Behavior\ParseTemplateBehavior [ RunTime:0.065300s ]
INFO: [ view_parse ] --END-- [ RunTime:0.065339s ]
INFO: [ view_filter ] --START--
INFO: Run Behavior\WriteHtmlCacheBehavior [ RunTime:0.000198s ]
INFO: [ view_filter ] --END-- [ RunTime:0.000218s ]
INFO: [ app_end ] --START--
INFO: Run Behavior\ShowPageTraceBehavior [ RunTime:0.000484s ]
INFO: [ app_end ] --END-- [ RunTime:0.000523s ]

[ 2017-09-09T18:28:22+08:00 ] ::1 /Pets/index.php/Home/Index/pet/id/3.html
INFO: [ app_init ] --START--
INFO: Run Behavior\BuildLiteBehavior [ RunTime:0.000008s ]
INFO: [ app_init ] --END-- [ RunTime:0.000238s ]
INFO: [ app_begin ] --START--
INFO: Run Behavior\ReadHtmlCacheBehavior [ RunTime:0.000340s ]
INFO: [ app_begin ] --END-- [ RunTime:0.000366s ]
SQL: SHOW COLUMNS FROM `admin` [ RunTime:0.0115s ]
SQL: SELECT * FROM `admin` WHERE ( adminaccount='222' )  [ RunTime:0.0003s ]
SQL: SHOW COLUMNS FROM `pet` [ RunTime:0.0088s ]
SQL: SELECT * FROM `pet` WHERE ( id=3 )  [ RunTime:0.0003s ]
SQL: SHOW COLUMNS FROM `room` [ RunTime:0.0080s ]
SQL: SELECT * FROM `room` WHERE ( nownum<capacity )  [ RunTime:0.0003s ]
SQL: SHOW COLUMNS FROM `careworker` [ RunTime:0.0097s ]
SQL: SELECT * FROM `careworker`  [ RunTime:0.0003s ]
SQL: SHOW COLUMNS FROM `lookafter` [ RunTime:0.0078s ]
SQL: SELECT * FROM `lookafter` WHERE ( petid=3 )  [ RunTime:0.0003s ]
INFO: [ view_parse ] --START--
NOTIC: [2] file_get_contents(./Application/Home/View/Public/header.html): failed to open stream: No such file or directory D:\Apache24\htdocs\Pets\ThinkPHP\Library\Think\Template.class.php 第 696 行.
NOTIC: [2] file_get_contents(./Application/Home/View/Public/footer.html): failed to open stream: No such file or directory D:\Apache24\htdocs\Pets\ThinkPHP\Library\Think\Template.class.php 第 696 行.
INFO: [ template_filter ] --START--
INFO: Run Behavior\ContentReplaceBehavior [ RunTime:0.000143s ]
INFO: [ template_filter ] --END-- [ RunTime:0.000181s ]
NOTIC: [8] Undefined variable: id D:\Apache24\htdocs\Pets\Application\Runtime\Cache\Home\2dd8c519fd5178cca0e2dc5b1e19c51f.php 第 284 行.
NOTIC: [8] Undefined index: check D:\Apache24\htdocs\Pets\Application\Runtime\Cache\Home\2dd8c519fd5178cca0e2dc5b1e19c51f.php 第 313 行.
NOTIC: [8] Undefined index: female D:\Apache24\htdocs\Pets\Application\Runtime\Cache\Home\2dd8c519fd5178cca0e2dc5b1e19c51f.php 第 331 行.
INFO: Run Behavior\ParseTemplateBehavior [ RunTime:0.077179s ]
INFO: [ view_parse ] --END-- [ RunTime:0.077213s ]
INFO: [ view_filter ] --START--
INFO: Run Behavior\WriteHtmlCacheBehavior [ RunTime:0.000215s ]
INFO: [ view_filter ] --END-- [ RunTime:0.000239s ]
INFO: [ app_end ] --START--
INFO: Run Behavior\ShowPageTraceBehavior [ RunTime:0.000656s ]
INFO: [ app_end ] --END-- [ RunTime:0.000726s ]

[ 2017-09-09T18:28:24+08:00 ] ::1 /Pets/index.php/Home/Index/pet/id/1.html
INFO: [ app_init ] --START--
INFO: Run Behavior\BuildLiteBehavior [ RunTime:0.000007s ]
INFO: [ app_init ] --END-- [ RunTime:0.000264s ]
INFO: [ app_begin ] --START--
INFO: Run Behavior\ReadHtmlCacheBehavior [ RunTime:0.000334s ]
INFO: [ app_begin ] --END-- [ RunTime:0.000359s ]
SQL: SHOW COLUMNS FROM `admin` [ RunTime:0.0122s ]
SQL: SELECT * FROM `admin` WHERE ( adminaccount='222' )  [ RunTime:0.0003s ]
SQL: SHOW COLUMNS FROM `pet` [ RunTime:0.0084s ]
SQL: SELECT * FROM `pet` WHERE ( id=1 )  [ RunTime:0.0003s ]
SQL: SHOW COLUMNS FROM `room` [ RunTime:0.0088s ]
SQL: SELECT * FROM `room` WHERE ( nownum<capacity )  [ RunTime:0.0003s ]
SQL: SHOW COLUMNS FROM `careworker` [ RunTime:0.0080s ]
SQL: SELECT * FROM `careworker`  [ RunTime:0.0002s ]
SQL: SHOW COLUMNS FROM `lookafter` [ RunTime:0.0093s ]
SQL: SELECT * FROM `lookafter` WHERE ( petid=1 )  [ RunTime:0.0003s ]
INFO: [ view_parse ] --START--
NOTIC: [2] file_get_contents(./Application/Home/View/Public/header.html): failed to open stream: No such file or directory D:\Apache24\htdocs\Pets\ThinkPHP\Library\Think\Template.class.php 第 696 行.
NOTIC: [2] file_get_contents(./Application/Home/View/Public/footer.html): failed to open stream: No such file or directory D:\Apache24\htdocs\Pets\ThinkPHP\Library\Think\Template.class.php 第 696 行.
INFO: [ template_filter ] --START--
INFO: Run Behavior\ContentReplaceBehavior [ RunTime:0.000150s ]
INFO: [ template_filter ] --END-- [ RunTime:0.000188s ]
NOTIC: [8] Undefined variable: id D:\Apache24\htdocs\Pets\Application\Runtime\Cache\Home\2dd8c519fd5178cca0e2dc5b1e19c51f.php 第 284 行.
NOTIC: [8] Undefined index: female D:\Apache24\htdocs\Pets\Application\Runtime\Cache\Home\2dd8c519fd5178cca0e2dc5b1e19c51f.php 第 331 行.
INFO: Run Behavior\ParseTemplateBehavior [ RunTime:0.074009s ]
INFO: [ view_parse ] --END-- [ RunTime:0.074039s ]
INFO: [ view_filter ] --START--
INFO: Run Behavior\WriteHtmlCacheBehavior [ RunTime:0.000166s ]
INFO: [ view_filter ] --END-- [ RunTime:0.000183s ]
INFO: [ app_end ] --START--
INFO: Run Behavior\ShowPageTraceBehavior [ RunTime:0.000884s ]
INFO: [ app_end ] --END-- [ RunTime:0.000942s ]

[ 2017-09-09T18:28:59+08:00 ] ::1 /Pets/index.php/Home/Index/petslist.html
INFO: [ app_init ] --START--
INFO: Run Behavior\BuildLiteBehavior [ RunTime:0.000011s ]
INFO: [ app_init ] --END-- [ RunTime:0.000409s ]
INFO: [ app_begin ] --START--
INFO: Run Behavior\ReadHtmlCacheBehavior [ RunTime:0.000568s ]
INFO: [ app_begin ] --END-- [ RunTime:0.000617s ]
SQL: SHOW COLUMNS FROM `admin` [ RunTime:0.0112s ]
SQL: SELECT * FROM `admin` WHERE ( adminaccount='222' )  [ RunTime:0.0003s ]
SQL: SHOW COLUMNS FROM `pet` [ RunTime:0.0108s ]
SQL: SELECT pet.id,`petname`,`breed`,`age`,`sex`,`entertime`,room.name roomname FROM pet pet,room room WHERE ( room.id=pet.roomid AND pet.istaken=0 ) ORDER BY roomname  [ RunTime:0.0004s ]
INFO: [ view_parse ] --START--
NOTIC: [2] file_get_contents(./Application/Home/View/Public/header.html): failed to open stream: No such file or directory D:\Apache24\htdocs\Pets\ThinkPHP\Library\Think\Template.class.php 第 696 行.
NOTIC: [2] file_get_contents(./Application/Home/View/Public/footer.html): failed to open stream: No such file or directory D:\Apache24\htdocs\Pets\ThinkPHP\Library\Think\Template.class.php 第 696 行.
INFO: [ template_filter ] --START--
INFO: Run Behavior\ContentReplaceBehavior [ RunTime:0.000094s ]
INFO: [ template_filter ] --END-- [ RunTime:0.000123s ]
INFO: Run Behavior\ParseTemplateBehavior [ RunTime:0.065521s ]
INFO: [ view_parse ] --END-- [ RunTime:0.065571s ]
INFO: [ view_filter ] --START--
INFO: Run Behavior\WriteHtmlCacheBehavior [ RunTime:0.000242s ]
INFO: [ view_filter ] --END-- [ RunTime:0.000262s ]
INFO: [ app_end ] --START--
INFO: Run Behavior\ShowPageTraceBehavior [ RunTime:0.000978s ]
INFO: [ app_end ] --END-- [ RunTime:0.001031s ]

[ 2017-09-09T18:29:00+08:00 ] ::1 /Pets/index.php/Home/Index/petslist.html
INFO: [ app_init ] --START--
INFO: Run Behavior\BuildLiteBehavior [ RunTime:0.000007s ]
INFO: [ app_init ] --END-- [ RunTime:0.000213s ]
INFO: [ app_begin ] --START--
INFO: Run Behavior\ReadHtmlCacheBehavior [ RunTime:0.000289s ]
INFO: [ app_begin ] --END-- [ RunTime:0.000314s ]
SQL: SHOW COLUMNS FROM `admin` [ RunTime:0.0125s ]
SQL: SELECT * FROM `admin` WHERE ( adminaccount='222' )  [ RunTime:0.0003s ]
SQL: SHOW COLUMNS FROM `pet` [ RunTime:0.0079s ]
SQL: SELECT pet.id,`petname`,`breed`,`age`,`sex`,`entertime`,room.name roomname FROM pet pet,room room WHERE ( room.id=pet.roomid AND pet.istaken=0 ) ORDER BY roomname  [ RunTime:0.0003s ]
INFO: [ view_parse ] --START--
NOTIC: [2] file_get_contents(./Application/Home/View/Public/header.html): failed to open stream: No such file or directory D:\Apache24\htdocs\Pets\ThinkPHP\Library\Think\Template.class.php 第 696 行.
NOTIC: [2] file_get_contents(./Application/Home/View/Public/footer.html): failed to open stream: No such file or directory D:\Apache24\htdocs\Pets\ThinkPHP\Library\Think\Template.class.php 第 696 行.
INFO: [ template_filter ] --START--
INFO: Run Behavior\ContentReplaceBehavior [ RunTime:0.000081s ]
INFO: [ template_filter ] --END-- [ RunTime:0.000112s ]
INFO: Run Behavior\ParseTemplateBehavior [ RunTime:0.062140s ]
INFO: [ view_parse ] --END-- [ RunTime:0.062177s ]
INFO: [ view_filter ] --START--
INFO: Run Behavior\WriteHtmlCacheBehavior [ RunTime:0.000195s ]
INFO: [ view_filter ] --END-- [ RunTime:0.000217s ]
INFO: [ app_end ] --START--
INFO: Run Behavior\ShowPageTraceBehavior [ RunTime:0.000570s ]
INFO: [ app_end ] --END-- [ RunTime:0.000615s ]

[ 2017-09-09T18:29:01+08:00 ] ::1 /Pets/index.php/Home/Index/pet/id/1.html
INFO: [ app_init ] --START--
INFO: Run Behavior\BuildLiteBehavior [ RunTime:0.000009s ]
INFO: [ app_init ] --END-- [ RunTime:0.000273s ]
INFO: [ app_begin ] --START--
INFO: Run Behavior\ReadHtmlCacheBehavior [ RunTime:0.000341s ]
INFO: [ app_begin ] --END-- [ RunTime:0.000373s ]
SQL: SHOW COLUMNS FROM `admin` [ RunTime:0.0142s ]
SQL: SELECT * FROM `admin` WHERE ( adminaccount='222' )  [ RunTime:0.0003s ]
SQL: SHOW COLUMNS FROM `pet` [ RunTime:0.0125s ]
SQL: SELECT * FROM `pet` WHERE ( id=1 )  [ RunTime:0.0004s ]
SQL: SHOW COLUMNS FROM `room` [ RunTime:0.0107s ]
SQL: SELECT * FROM `room` WHERE ( nownum<capacity )  [ RunTime:0.0003s ]
SQL: SHOW COLUMNS FROM `careworker` [ RunTime:0.0103s ]
SQL: SELECT * FROM `careworker`  [ RunTime:0.0003s ]
SQL: SHOW COLUMNS FROM `lookafter` [ RunTime:0.0101s ]
SQL: SELECT * FROM `lookafter` WHERE ( petid=1 )  [ RunTime:0.0003s ]
INFO: [ view_parse ] --START--
NOTIC: [2] file_get_contents(./Application/Home/View/Public/header.html): failed to open stream: No such file or directory D:\Apache24\htdocs\Pets\ThinkPHP\Library\Think\Template.class.php 第 696 行.
NOTIC: [2] file_get_contents(./Application/Home/View/Public/footer.html): failed to open stream: No such file or directory D:\Apache24\htdocs\Pets\ThinkPHP\Library\Think\Template.class.php 第 696 行.
INFO: [ template_filter ] --START--
INFO: Run Behavior\ContentReplaceBehavior [ RunTime:0.000161s ]
INFO: [ template_filter ] --END-- [ RunTime:0.000215s ]
NOTIC: [8] Undefined variable: id D:\Apache24\htdocs\Pets\Application\Runtime\Cache\Home\2dd8c519fd5178cca0e2dc5b1e19c51f.php 第 284 行.
NOTIC: [8] Undefined index: female D:\Apache24\htdocs\Pets\Application\Runtime\Cache\Home\2dd8c519fd5178cca0e2dc5b1e19c51f.php 第 331 行.
INFO: Run Behavior\ParseTemplateBehavior [ RunTime:0.111522s ]
INFO: [ view_parse ] --END-- [ RunTime:0.111561s ]
INFO: [ view_filter ] --START--
INFO: Run Behavior\WriteHtmlCacheBehavior [ RunTime:0.000229s ]
INFO: [ view_filter ] --END-- [ RunTime:0.000253s ]
INFO: [ app_end ] --START--
INFO: Run Behavior\ShowPageTraceBehavior [ RunTime:0.000386s ]
INFO: [ app_end ] --END-- [ RunTime:0.000417s ]

[ 2017-09-09T18:41:25+08:00 ] ::1 /Pets/index.php/Home/Index/petslist.html
INFO: [ app_init ] --START--
INFO: Run Behavior\BuildLiteBehavior [ RunTime:0.000010s ]
INFO: [ app_init ] --END-- [ RunTime:0.000314s ]
INFO: [ app_begin ] --START--
INFO: Run Behavior\ReadHtmlCacheBehavior [ RunTime:0.000429s ]
INFO: [ app_begin ] --END-- [ RunTime:0.000460s ]
SQL: SHOW COLUMNS FROM `admin` [ RunTime:0.0176s ]
SQL: SELECT * FROM `admin` WHERE ( adminaccount='222' )  [ RunTime:0.0003s ]
SQL: SHOW COLUMNS FROM `pet` [ RunTime:0.0095s ]
SQL: SELECT pet.id,`petname`,`breed`,`age`,`sex`,`entertime`,room.name roomname FROM pet pet,room room WHERE ( room.id=pet.roomid AND pet.istaken=0 ) ORDER BY roomname  [ RunTime:0.0003s ]
INFO: [ view_parse ] --START--
NOTIC: [2] file_get_contents(./Application/Home/View/Public/header.html): failed to open stream: No such file or directory D:\Apache24\htdocs\Pets\ThinkPHP\Library\Think\Template.class.php 第 696 行.
NOTIC: [2] file_get_contents(./Application/Home/View/Public/footer.html): failed to open stream: No such file or directory D:\Apache24\htdocs\Pets\ThinkPHP\Library\Think\Template.class.php 第 696 行.
INFO: [ template_filter ] --START--
INFO: Run Behavior\ContentReplaceBehavior [ RunTime:0.000078s ]
INFO: [ template_filter ] --END-- [ RunTime:0.000109s ]
INFO: Run Behavior\ParseTemplateBehavior [ RunTime:0.073559s ]
INFO: [ view_parse ] --END-- [ RunTime:0.073609s ]
INFO: [ view_filter ] --START--
INFO: Run Behavior\WriteHtmlCacheBehavior [ RunTime:0.000284s ]
INFO: [ view_filter ] --END-- [ RunTime:0.000307s ]
INFO: [ app_end ] --START--
INFO: Run Behavior\ShowPageTraceBehavior [ RunTime:0.000703s ]
INFO: [ app_end ] --END-- [ RunTime:0.000755s ]

[ 2017-09-09T18:41:26+08:00 ] ::1 /Pets/index.php/Home/Index/pet/id/1.html
INFO: [ app_init ] --START--
INFO: Run Behavior\BuildLiteBehavior [ RunTime:0.000008s ]
INFO: [ app_init ] --END-- [ RunTime:0.000276s ]
INFO: [ app_begin ] --START--
INFO: Run Behavior\ReadHtmlCacheBehavior [ RunTime:0.000314s ]
INFO: [ app_begin ] --END-- [ RunTime:0.000341s ]
SQL: SHOW COLUMNS FROM `admin` [ RunTime:0.0153s ]
SQL: SELECT * FROM `admin` WHERE ( adminaccount='222' )  [ RunTime:0.0003s ]
SQL: SHOW COLUMNS FROM `pet` [ RunTime:0.0102s ]
SQL: SELECT * FROM `pet` WHERE ( id=1 )  [ RunTime:0.0003s ]
SQL: SHOW COLUMNS FROM `room` [ RunTime:0.0080s ]
SQL: SELECT * FROM `room` WHERE ( nownum<capacity )  [ RunTime:0.0003s ]
SQL: SHOW COLUMNS FROM `careworker` [ RunTime:0.0159s ]
SQL: SELECT * FROM `careworker`  [ RunTime:0.0002s ]
SQL: SHOW COLUMNS FROM `lookafter` [ RunTime:0.0114s ]
SQL: SELECT * FROM `lookafter` WHERE ( petid=1 )  [ RunTime:0.0003s ]
INFO: [ view_parse ] --START--
NOTIC: [2] file_get_contents(./Application/Home/View/Public/header.html): failed to open stream: No such file or directory D:\Apache24\htdocs\Pets\ThinkPHP\Library\Think\Template.class.php 第 696 行.
NOTIC: [2] file_get_contents(./Application/Home/View/Public/footer.html): failed to open stream: No such file or directory D:\Apache24\htdocs\Pets\ThinkPHP\Library\Think\Template.class.php 第 696 行.
INFO: [ template_filter ] --START--
INFO: Run Behavior\ContentReplaceBehavior [ RunTime:0.000142s ]
INFO: [ template_filter ] --END-- [ RunTime:0.000175s ]
NOTIC: [8] Undefined variable: id D:\Apache24\htdocs\Pets\Application\Runtime\Cache\Home\2dd8c519fd5178cca0e2dc5b1e19c51f.php 第 284 行.
NOTIC: [8] Undefined index: female D:\Apache24\htdocs\Pets\Application\Runtime\Cache\Home\2dd8c519fd5178cca0e2dc5b1e19c51f.php 第 331 行.
INFO: Run Behavior\ParseTemplateBehavior [ RunTime:0.105482s ]
INFO: [ view_parse ] --END-- [ RunTime:0.105521s ]
INFO: [ view_filter ] --START--
INFO: Run Behavior\WriteHtmlCacheBehavior [ RunTime:0.000233s ]
INFO: [ view_filter ] --END-- [ RunTime:0.000257s ]
INFO: [ app_end ] --START--
INFO: Run Behavior\ShowPageTraceBehavior [ RunTime:0.000983s ]
INFO: [ app_end ] --END-- [ RunTime:0.001050s ]

[ 2017-09-09T18:44:31+08:00 ] ::1 /Pets/index.php/Home/Index/petslist.html
INFO: [ app_init ] --START--
INFO: Run Behavior\BuildLiteBehavior [ RunTime:0.000009s ]
INFO: [ app_init ] --END-- [ RunTime:0.000301s ]
INFO: [ app_begin ] --START--
INFO: Run Behavior\ReadHtmlCacheBehavior [ RunTime:0.000856s ]
INFO: [ app_begin ] --END-- [ RunTime:0.000919s ]
SQL: SHOW COLUMNS FROM `admin` [ RunTime:0.0126s ]
SQL: SELECT * FROM `admin` WHERE ( adminaccount='222' )  [ RunTime:0.0003s ]
SQL: SHOW COLUMNS FROM `pet` [ RunTime:0.0091s ]
SQL: SELECT pet.id,`petname`,`breed`,`age`,`sex`,`entertime`,room.name roomname FROM pet pet,room room WHERE ( room.id=pet.roomid AND pet.istaken=0 ) ORDER BY roomname  [ RunTime:0.0003s ]
INFO: [ view_parse ] --START--
NOTIC: [2] file_get_contents(./Application/Home/View/Public/header.html): failed to open stream: No such file or directory D:\Apache24\htdocs\Pets\ThinkPHP\Library\Think\Template.class.php 第 696 行.
NOTIC: [2] file_get_contents(./Application/Home/View/Public/footer.html): failed to open stream: No such file or directory D:\Apache24\htdocs\Pets\ThinkPHP\Library\Think\Template.class.php 第 696 行.
INFO: [ template_filter ] --START--
INFO: Run Behavior\ContentReplaceBehavior [ RunTime:0.000082s ]
INFO: [ template_filter ] --END-- [ RunTime:0.000116s ]
INFO: Run Behavior\ParseTemplateBehavior [ RunTime:0.063468s ]
INFO: [ view_parse ] --END-- [ RunTime:0.063510s ]
INFO: [ view_filter ] --START--
INFO: Run Behavior\WriteHtmlCacheBehavior [ RunTime:0.000283s ]
INFO: [ view_filter ] --END-- [ RunTime:0.000308s ]
INFO: [ app_end ] --START--
INFO: Run Behavior\ShowPageTraceBehavior [ RunTime:0.000662s ]
INFO: [ app_end ] --END-- [ RunTime:0.000715s ]

[ 2017-09-09T18:44:33+08:00 ] ::1 /Pets/index.php/Home/Index/pet/id/1.html
INFO: [ app_init ] --START--
INFO: Run Behavior\BuildLiteBehavior [ RunTime:0.000011s ]
INFO: [ app_init ] --END-- [ RunTime:0.000506s ]
INFO: [ app_begin ] --START--
INFO: Run Behavior\ReadHtmlCacheBehavior [ RunTime:0.000322s ]
INFO: [ app_begin ] --END-- [ RunTime:0.000347s ]
SQL: SHOW COLUMNS FROM `admin` [ RunTime:0.0138s ]
SQL: SELECT * FROM `admin` WHERE ( adminaccount='222' )  [ RunTime:0.0003s ]
SQL: SHOW COLUMNS FROM `pet` [ RunTime:0.0079s ]
SQL: SELECT * FROM `pet` WHERE ( id=1 )  [ RunTime:0.0003s ]
SQL: SHOW COLUMNS FROM `room` [ RunTime:0.0083s ]
SQL: SELECT * FROM `room` WHERE ( nownum<capacity )  [ RunTime:0.0002s ]
SQL: SHOW COLUMNS FROM `careworker` [ RunTime:0.0080s ]
SQL: SELECT * FROM `careworker`  [ RunTime:0.0003s ]
SQL: SHOW COLUMNS FROM `lookafter` [ RunTime:0.0104s ]
SQL: SELECT * FROM `lookafter` WHERE ( petid=1 )  [ RunTime:0.0003s ]
INFO: [ view_parse ] --START--
NOTIC: [2] file_get_contents(./Application/Home/View/Public/header.html): failed to open stream: No such file or directory D:\Apache24\htdocs\Pets\ThinkPHP\Library\Think\Template.class.php 第 696 行.
NOTIC: [2] file_get_contents(./Application/Home/View/Public/footer.html): failed to open stream: No such file or directory D:\Apache24\htdocs\Pets\ThinkPHP\Library\Think\Template.class.php 第 696 行.
INFO: [ template_filter ] --START--
INFO: Run Behavior\ContentReplaceBehavior [ RunTime:0.000126s ]
INFO: [ template_filter ] --END-- [ RunTime:0.000151s ]
NOTIC: [8] Undefined variable: id D:\Apache24\htdocs\Pets\Application\Runtime\Cache\Home\2dd8c519fd5178cca0e2dc5b1e19c51f.php 第 284 行.
NOTIC: [8] Undefined index: female D:\Apache24\htdocs\Pets\Application\Runtime\Cache\Home\2dd8c519fd5178cca0e2dc5b1e19c51f.php 第 331 行.
INFO: Run Behavior\ParseTemplateBehavior [ RunTime:0.080808s ]
INFO: [ view_parse ] --END-- [ RunTime:0.080841s ]
INFO: [ view_filter ] --START--
INFO: Run Behavior\WriteHtmlCacheBehavior [ RunTime:0.000196s ]
INFO: [ view_filter ] --END-- [ RunTime:0.000217s ]
INFO: [ app_end ] --START--
INFO: Run Behavior\ShowPageTraceBehavior [ RunTime:0.000634s ]
INFO: [ app_end ] --END-- [ RunTime:0.000701s ]

[ 2017-09-09T18:56:35+08:00 ] ::1 /Pets/index.php/Home/Index/petslist.html
INFO: [ app_init ] --START--
INFO: Run Behavior\BuildLiteBehavior [ RunTime:0.000029s ]
INFO: [ app_init ] --END-- [ RunTime:0.000585s ]
INFO: [ app_begin ] --START--
INFO: Run Behavior\ReadHtmlCacheBehavior [ RunTime:0.000626s ]
INFO: [ app_begin ] --END-- [ RunTime:0.000671s ]
SQL: SHOW COLUMNS FROM `admin` [ RunTime:0.0174s ]
SQL: SELECT * FROM `admin` WHERE ( adminaccount='222' )  [ RunTime:0.0003s ]
SQL: SHOW COLUMNS FROM `pet` [ RunTime:0.0116s ]
SQL: SELECT pet.id,`petname`,`breed`,`age`,`sex`,`entertime`,room.name roomname FROM pet pet,room room WHERE ( room.id=pet.roomid AND pet.istaken=0 ) ORDER BY roomname  [ RunTime:0.0003s ]
INFO: [ view_parse ] --START--
NOTIC: [2] file_get_contents(./Application/Home/View/Public/header.html): failed to open stream: No such file or directory D:\Apache24\htdocs\Pets\ThinkPHP\Library\Think\Template.class.php 第 696 行.
NOTIC: [2] file_get_contents(./Application/Home/View/Public/footer.html): failed to open stream: No such file or directory D:\Apache24\htdocs\Pets\ThinkPHP\Library\Think\Template.class.php 第 696 行.
INFO: [ template_filter ] --START--
INFO: Run Behavior\ContentReplaceBehavior [ RunTime:0.000098s ]
INFO: [ template_filter ] --END-- [ RunTime:0.000161s ]
INFO: Run Behavior\ParseTemplateBehavior [ RunTime:0.104734s ]
INFO: [ view_parse ] --END-- [ RunTime:0.104787s ]
INFO: [ view_filter ] --START--
INFO: Run Behavior\WriteHtmlCacheBehavior [ RunTime:0.000521s ]
INFO: [ view_filter ] --END-- [ RunTime:0.000634s ]
INFO: [ app_end ] --START--
INFO: Run Behavior\ShowPageTraceBehavior [ RunTime:0.000896s ]
INFO: [ app_end ] --END-- [ RunTime:0.000958s ]

[ 2017-09-09T18:56:36+08:00 ] ::1 /Pets/index.php/Home/Index/petslist.html
INFO: [ app_init ] --START--
INFO: Run Behavior\BuildLiteBehavior [ RunTime:0.000016s ]
INFO: [ app_init ] --END-- [ RunTime:0.000503s ]
INFO: [ app_begin ] --START--
INFO: Run Behavior\ReadHtmlCacheBehavior [ RunTime:0.000862s ]
INFO: [ app_begin ] --END-- [ RunTime:0.000978s ]
SQL: SHOW COLUMNS FROM `admin` [ RunTime:0.0304s ]
SQL: SELECT * FROM `admin` WHERE ( adminaccount='222' )  [ RunTime:0.0003s ]
SQL: SHOW COLUMNS FROM `pet` [ RunTime:0.0207s ]
SQL: SELECT pet.id,`petname`,`breed`,`age`,`sex`,`entertime`,room.name roomname FROM pet pet,room room WHERE ( room.id=pet.roomid AND pet.istaken=0 ) ORDER BY roomname  [ RunTime:0.0006s ]
INFO: [ view_parse ] --START--
NOTIC: [2] file_get_contents(./Application/Home/View/Public/header.html): failed to open stream: No such file or directory D:\Apache24\htdocs\Pets\ThinkPHP\Library\Think\Template.class.php 第 696 行.
NOTIC: [2] file_get_contents(./Application/Home/View/Public/footer.html): failed to open stream: No such file or directory D:\Apache24\htdocs\Pets\ThinkPHP\Library\Think\Template.class.php 第 696 行.
INFO: [ template_filter ] --START--
INFO: Run Behavior\ContentReplaceBehavior [ RunTime:0.000081s ]
INFO: [ template_filter ] --END-- [ RunTime:0.000129s ]
INFO: Run Behavior\ParseTemplateBehavior [ RunTime:0.082431s ]
INFO: [ view_parse ] --END-- [ RunTime:0.082475s ]
INFO: [ view_filter ] --START--
INFO: Run Behavior\WriteHtmlCacheBehavior [ RunTime:0.000463s ]
INFO: [ view_filter ] --END-- [ RunTime:0.000516s ]
INFO: [ app_end ] --START--
INFO: Run Behavior\ShowPageTraceBehavior [ RunTime:0.000857s ]
INFO: [ app_end ] --END-- [ RunTime:0.000925s ]

[ 2017-09-09T18:56:37+08:00 ] ::1 /Pets/index.php/Home/Index/pet/id/1.html
INFO: [ app_init ] --START--
INFO: Run Behavior\BuildLiteBehavior [ RunTime:0.000008s ]
INFO: [ app_init ] --END-- [ RunTime:0.000248s ]
INFO: [ app_begin ] --START--
INFO: Run Behavior\ReadHtmlCacheBehavior [ RunTime:0.000276s ]
INFO: [ app_begin ] --END-- [ RunTime:0.000300s ]
SQL: SHOW COLUMNS FROM `admin` [ RunTime:0.0125s ]
SQL: SELECT * FROM `admin` WHERE ( adminaccount='222' )  [ RunTime:0.0002s ]
SQL: SHOW COLUMNS FROM `pet` [ RunTime:0.0088s ]
SQL: SELECT * FROM `pet` WHERE ( id=1 )  [ RunTime:0.0003s ]
SQL: SHOW COLUMNS FROM `room` [ RunTime:0.0084s ]
SQL: SELECT * FROM `room` WHERE ( nownum<capacity )  [ RunTime:0.0003s ]
SQL: SHOW COLUMNS FROM `careworker` [ RunTime:0.0084s ]
SQL: SELECT * FROM `careworker`  [ RunTime:0.0003s ]
SQL: SHOW COLUMNS FROM `lookafter` [ RunTime:0.0115s ]
SQL: SELECT * FROM `lookafter` WHERE ( petid=1 )  [ RunTime:0.0003s ]
INFO: [ view_parse ] --START--
NOTIC: [2] file_get_contents(./Application/Home/View/Public/header.html): failed to open stream: No such file or directory D:\Apache24\htdocs\Pets\ThinkPHP\Library\Think\Template.class.php 第 696 行.
NOTIC: [2] file_get_contents(./Application/Home/View/Public/footer.html): failed to open stream: No such file or directory D:\Apache24\htdocs\Pets\ThinkPHP\Library\Think\Template.class.php 第 696 行.
INFO: [ template_filter ] --START--
INFO: Run Behavior\ContentReplaceBehavior [ RunTime:0.000132s ]
INFO: [ template_filter ] --END-- [ RunTime:0.000161s ]
NOTIC: [8] Undefined variable: id D:\Apache24\htdocs\Pets\Application\Runtime\Cache\Home\2dd8c519fd5178cca0e2dc5b1e19c51f.php 第 284 行.
NOTIC: [8] Undefined index: female D:\Apache24\htdocs\Pets\Application\Runtime\Cache\Home\2dd8c519fd5178cca0e2dc5b1e19c51f.php 第 331 行.
INFO: Run Behavior\ParseTemplateBehavior [ RunTime:0.085056s ]
INFO: [ view_parse ] --END-- [ RunTime:0.085104s ]
INFO: [ view_filter ] --START--
INFO: Run Behavior\WriteHtmlCacheBehavior [ RunTime:0.000205s ]
INFO: [ view_filter ] --END-- [ RunTime:0.000228s ]
INFO: [ app_end ] --START--
INFO: Run Behavior\ShowPageTraceBehavior [ RunTime:0.000409s ]
INFO: [ app_end ] --END-- [ RunTime:0.000448s ]

[ 2017-09-09T18:59:59+08:00 ] ::1 /Pets/index.php/Home/Index/petslist.html
INFO: [ app_init ] --START--
INFO: Run Behavior\BuildLiteBehavior [ RunTime:0.000010s ]
INFO: [ app_init ] --END-- [ RunTime:0.000427s ]
INFO: [ app_begin ] --START--
INFO: Run Behavior\ReadHtmlCacheBehavior [ RunTime:0.000907s ]
INFO: [ app_begin ] --END-- [ RunTime:0.000967s ]
SQL: SHOW COLUMNS FROM `admin` [ RunTime:0.0157s ]
SQL: SELECT * FROM `admin` WHERE ( adminaccount='222' )  [ RunTime:0.0004s ]
SQL: SHOW COLUMNS FROM `pet` [ RunTime:0.0113s ]
SQL: SELECT pet.id,`petname`,`breed`,`age`,`sex`,`entertime`,room.name roomname FROM pet pet,room room WHERE ( room.id=pet.roomid AND pet.istaken=0 ) ORDER BY roomname  [ RunTime:0.0004s ]
INFO: [ view_parse ] --START--
NOTIC: [2] file_get_contents(./Application/Home/View/Public/header.html): failed to open stream: No such file or directory D:\Apache24\htdocs\Pets\ThinkPHP\Library\Think\Template.class.php 第 696 行.
NOTIC: [2] file_get_contents(./Application/Home/View/Public/footer.html): failed to open stream: No such file or directory D:\Apache24\htdocs\Pets\ThinkPHP\Library\Think\Template.class.php 第 696 行.
INFO: [ template_filter ] --START--
INFO: Run Behavior\ContentReplaceBehavior [ RunTime:0.000108s ]
INFO: [ template_filter ] --END-- [ RunTime:0.000184s ]
INFO: Run Behavior\ParseTemplateBehavior [ RunTime:0.126816s ]
INFO: [ view_parse ] --END-- [ RunTime:0.126887s ]
INFO: [ view_filter ] --START--
INFO: Run Behavior\WriteHtmlCacheBehavior [ RunTime:0.000523s ]
INFO: [ view_filter ] --END-- [ RunTime:0.000564s ]
INFO: [ app_end ] --START--
INFO: Run Behavior\ShowPageTraceBehavior [ RunTime:0.002263s ]
INFO: [ app_end ] --END-- [ RunTime:0.002527s ]

[ 2017-09-09T19:00:01+08:00 ] ::1 /Pets/index.php/Home/Index/pet/id/1.html
INFO: [ app_init ] --START--
INFO: Run Behavior\BuildLiteBehavior [ RunTime:0.000028s ]
INFO: [ app_init ] --END-- [ RunTime:0.000579s ]
INFO: [ app_begin ] --START--
INFO: Run Behavior\ReadHtmlCacheBehavior [ RunTime:0.000763s ]
INFO: [ app_begin ] --END-- [ RunTime:0.000825s ]
SQL: SHOW COLUMNS FROM `admin` [ RunTime:0.0255s ]
SQL: SELECT * FROM `admin` WHERE ( adminaccount='222' )  [ RunTime:0.0003s ]
SQL: SHOW COLUMNS FROM `pet` [ RunTime:0.0324s ]
SQL: SELECT * FROM `pet` WHERE ( id=1 )  [ RunTime:0.0004s ]
SQL: SHOW COLUMNS FROM `room` [ RunTime:0.0315s ]
SQL: SELECT * FROM `room` WHERE ( nownum<capacity )  [ RunTime:0.0003s ]
SQL: SHOW COLUMNS FROM `careworker` [ RunTime:0.0195s ]
SQL: SELECT * FROM `careworker`  [ RunTime:0.0003s ]
SQL: SHOW COLUMNS FROM `lookafter` [ RunTime:0.0304s ]
SQL: SELECT * FROM `lookafter` WHERE ( petid=1 )  [ RunTime:0.0004s ]
INFO: [ view_parse ] --START--
NOTIC: [2] file_get_contents(./Application/Home/View/Public/header.html): failed to open stream: No such file or directory D:\Apache24\htdocs\Pets\ThinkPHP\Library\Think\Template.class.php 第 696 行.
NOTIC: [2] file_get_contents(./Application/Home/View/Public/footer.html): failed to open stream: No such file or directory D:\Apache24\htdocs\Pets\ThinkPHP\Library\Think\Template.class.php 第 696 行.
INFO: [ template_filter ] --START--
INFO: Run Behavior\ContentReplaceBehavior [ RunTime:0.000163s ]
INFO: [ template_filter ] --END-- [ RunTime:0.000220s ]
NOTIC: [8] Undefined variable: id D:\Apache24\htdocs\Pets\Application\Runtime\Cache\Home\2dd8c519fd5178cca0e2dc5b1e19c51f.php 第 284 行.
NOTIC: [8] Undefined index: female D:\Apache24\htdocs\Pets\Application\Runtime\Cache\Home\2dd8c519fd5178cca0e2dc5b1e19c51f.php 第 331 行.
INFO: Run Behavior\ParseTemplateBehavior [ RunTime:0.225193s ]
INFO: [ view_parse ] --END-- [ RunTime:0.225244s ]
INFO: [ view_filter ] --START--
INFO: Run Behavior\WriteHtmlCacheBehavior [ RunTime:0.000287s ]
INFO: [ view_filter ] --END-- [ RunTime:0.000322s ]
INFO: [ app_end ] --START--
INFO: Run Behavior\ShowPageTraceBehavior [ RunTime:0.000632s ]
INFO: [ app_end ] --END-- [ RunTime:0.000692s ]

[ 2017-09-09T19:00:25+08:00 ] ::1 /Pets/index.php/Home/Index/pet/id/1.html
INFO: [ app_init ] --START--
INFO: Run Behavior\BuildLiteBehavior [ RunTime:0.000013s ]
INFO: [ app_init ] --END-- [ RunTime:0.000433s ]
INFO: [ app_begin ] --START--
INFO: Run Behavior\ReadHtmlCacheBehavior [ RunTime:0.000681s ]
INFO: [ app_begin ] --END-- [ RunTime:0.000728s ]
SQL: SHOW COLUMNS FROM `admin` [ RunTime:0.0164s ]
SQL: SELECT * FROM `admin` WHERE ( adminaccount='222' )  [ RunTime:0.0002s ]
SQL: SHOW COLUMNS FROM `pet` [ RunTime:0.0078s ]
SQL: SELECT * FROM `pet` WHERE ( id=1 )  [ RunTime:0.0003s ]
SQL: SHOW COLUMNS FROM `room` [ RunTime:0.0085s ]
SQL: SELECT * FROM `room` WHERE ( nownum<capacity )  [ RunTime:0.0003s ]
SQL: SHOW COLUMNS FROM `careworker` [ RunTime:0.0105s ]
SQL: SELECT * FROM `careworker`  [ RunTime:0.0006s ]
SQL: SHOW COLUMNS FROM `lookafter` [ RunTime:0.0105s ]
SQL: SELECT * FROM `lookafter` WHERE ( petid=1 )  [ RunTime:0.0002s ]
INFO: [ view_parse ] --START--
NOTIC: [2] file_get_contents(./Application/Home/View/Public/header.html): failed to open stream: No such file or directory D:\Apache24\htdocs\Pets\ThinkPHP\Library\Think\Template.class.php 第 696 行.
NOTIC: [2] file_get_contents(./Application/Home/View/Public/footer.html): failed to open stream: No such file or directory D:\Apache24\htdocs\Pets\ThinkPHP\Library\Think\Template.class.php 第 696 行.
INFO: [ template_filter ] --START--
INFO: Run Behavior\ContentReplaceBehavior [ RunTime:0.000146s ]
INFO: [ template_filter ] --END-- [ RunTime:0.000176s ]
NOTIC: [8] Undefined variable: id D:\Apache24\htdocs\Pets\Application\Runtime\Cache\Home\2dd8c519fd5178cca0e2dc5b1e19c51f.php 第 284 行.
NOTIC: [8] Undefined index: female D:\Apache24\htdocs\Pets\Application\Runtime\Cache\Home\2dd8c519fd5178cca0e2dc5b1e19c51f.php 第 331 行.
INFO: Run Behavior\ParseTemplateBehavior [ RunTime:0.089339s ]
INFO: [ view_parse ] --END-- [ RunTime:0.089370s ]
INFO: [ view_filter ] --START--
INFO: Run Behavior\WriteHtmlCacheBehavior [ RunTime:0.000183s ]
INFO: [ view_filter ] --END-- [ RunTime:0.000204s ]
INFO: [ app_end ] --START--
INFO: Run Behavior\ShowPageTraceBehavior [ RunTime:0.000550s ]
INFO: [ app_end ] --END-- [ RunTime:0.000597s ]

[ 2017-09-09T19:00:26+08:00 ] ::1 /Pets/index.php/Home/Index/pet/id/1.html
INFO: [ app_init ] --START--
INFO: Run Behavior\BuildLiteBehavior [ RunTime:0.000023s ]
INFO: [ app_init ] --END-- [ RunTime:0.000468s ]
INFO: [ app_begin ] --START--
INFO: Run Behavior\ReadHtmlCacheBehavior [ RunTime:0.000619s ]
INFO: [ app_begin ] --END-- [ RunTime:0.000683s ]
SQL: SHOW COLUMNS FROM `admin` [ RunTime:0.0240s ]
SQL: SELECT * FROM `admin` WHERE ( adminaccount='222' )  [ RunTime:0.0003s ]
SQL: SHOW COLUMNS FROM `pet` [ RunTime:0.0439s ]
SQL: SELECT * FROM `pet` WHERE ( id=1 )  [ RunTime:0.0004s ]
SQL: SHOW COLUMNS FROM `room` [ RunTime:0.0260s ]
SQL: SELECT * FROM `room` WHERE ( nownum<capacity )  [ RunTime:0.0003s ]
SQL: SHOW COLUMNS FROM `careworker` [ RunTime:0.0149s ]
SQL: SELECT * FROM `careworker`  [ RunTime:0.0002s ]
SQL: SHOW COLUMNS FROM `lookafter` [ RunTime:0.0125s ]
SQL: SELECT * FROM `lookafter` WHERE ( petid=1 )  [ RunTime:0.0003s ]
INFO: [ view_parse ] --START--
NOTIC: [2] file_get_contents(./Application/Home/View/Public/header.html): failed to open stream: No such file or directory D:\Apache24\htdocs\Pets\ThinkPHP\Library\Think\Template.class.php 第 696 行.
NOTIC: [2] file_get_contents(./Application/Home/View/Public/footer.html): failed to open stream: No such file or directory D:\Apache24\htdocs\Pets\ThinkPHP\Library\Think\Template.class.php 第 696 行.
INFO: [ template_filter ] --START--
INFO: Run Behavior\ContentReplaceBehavior [ RunTime:0.000149s ]
INFO: [ template_filter ] --END-- [ RunTime:0.000184s ]
NOTIC: [8] Undefined variable: id D:\Apache24\htdocs\Pets\Application\Runtime\Cache\Home\2dd8c519fd5178cca0e2dc5b1e19c51f.php 第 284 行.
NOTIC: [8] Undefined index: female D:\Apache24\htdocs\Pets\Application\Runtime\Cache\Home\2dd8c519fd5178cca0e2dc5b1e19c51f.php 第 331 行.
INFO: Run Behavior\ParseTemplateBehavior [ RunTime:0.093014s ]
INFO: [ view_parse ] --END-- [ RunTime:0.093056s ]
INFO: [ view_filter ] --START--
INFO: Run Behavior\WriteHtmlCacheBehavior [ RunTime:0.000285s ]
INFO: [ view_filter ] --END-- [ RunTime:0.000313s ]
INFO: [ app_end ] --START--
INFO: Run Behavior\ShowPageTraceBehavior [ RunTime:0.000855s ]
INFO: [ app_end ] --END-- [ RunTime:0.000923s ]

[ 2017-09-09T19:00:42+08:00 ] ::1 /Pets/index.php/Home/Index/pet/id/1.html
INFO: [ app_init ] --START--
INFO: Run Behavior\BuildLiteBehavior [ RunTime:0.000008s ]
INFO: [ app_init ] --END-- [ RunTime:0.000245s ]
INFO: [ app_begin ] --START--
INFO: Run Behavior\ReadHtmlCacheBehavior [ RunTime:0.000346s ]
INFO: [ app_begin ] --END-- [ RunTime:0.000383s ]
SQL: SHOW COLUMNS FROM `admin` [ RunTime:0.0140s ]
SQL: SELECT * FROM `admin` WHERE ( adminaccount='222' )  [ RunTime:0.0003s ]
SQL: SHOW COLUMNS FROM `pet` [ RunTime:0.0089s ]
SQL: SELECT * FROM `pet` WHERE ( id=1 )  [ RunTime:0.0004s ]
SQL: SHOW COLUMNS FROM `room` [ RunTime:0.0088s ]
SQL: SELECT * FROM `room` WHERE ( nownum<capacity )  [ RunTime:0.0003s ]
SQL: SHOW COLUMNS FROM `careworker` [ RunTime:0.0104s ]
SQL: SELECT * FROM `careworker`  [ RunTime:0.0003s ]
SQL: SHOW COLUMNS FROM `lookafter` [ RunTime:0.0104s ]
SQL: SELECT * FROM `lookafter` WHERE ( petid=1 )  [ RunTime:0.0003s ]
INFO: [ view_parse ] --START--
NOTIC: [2] file_get_contents(./Application/Home/View/Public/header.html): failed to open stream: No such file or directory D:\Apache24\htdocs\Pets\ThinkPHP\Library\Think\Template.class.php 第 696 行.
NOTIC: [2] file_get_contents(./Application/Home/View/Public/footer.html): failed to open stream: No such file or directory D:\Apache24\htdocs\Pets\ThinkPHP\Library\Think\Template.class.php 第 696 行.
INFO: [ template_filter ] --START--
INFO: Run Behavior\ContentReplaceBehavior [ RunTime:0.000143s ]
INFO: [ template_filter ] --END-- [ RunTime:0.000180s ]
NOTIC: [8] Undefined variable: id D:\Apache24\htdocs\Pets\Application\Runtime\Cache\Home\2dd8c519fd5178cca0e2dc5b1e19c51f.php 第 284 行.
NOTIC: [8] Undefined index: female D:\Apache24\htdocs\Pets\Application\Runtime\Cache\Home\2dd8c519fd5178cca0e2dc5b1e19c51f.php 第 331 行.
INFO: Run Behavior\ParseTemplateBehavior [ RunTime:0.082069s ]
INFO: [ view_parse ] --END-- [ RunTime:0.082100s ]
INFO: [ view_filter ] --START--
INFO: Run Behavior\WriteHtmlCacheBehavior [ RunTime:0.000221s ]
INFO: [ view_filter ] --END-- [ RunTime:0.000243s ]
INFO: [ app_end ] --START--
INFO: Run Behavior\ShowPageTraceBehavior [ RunTime:0.000592s ]
INFO: [ app_end ] --END-- [ RunTime:0.000644s ]

[ 2017-09-09T19:00:44+08:00 ] ::1 /Pets/index.php/Home/Index/pet/id/1.html
INFO: [ app_init ] --START--
INFO: Run Behavior\BuildLiteBehavior [ RunTime:0.000025s ]
INFO: [ app_init ] --END-- [ RunTime:0.000510s ]
INFO: [ app_begin ] --START--
INFO: Run Behavior\ReadHtmlCacheBehavior [ RunTime:0.000539s ]
INFO: [ app_begin ] --END-- [ RunTime:0.000593s ]
SQL: SHOW COLUMNS FROM `admin` [ RunTime:0.0375s ]
SQL: SELECT * FROM `admin` WHERE ( adminaccount='222' )  [ RunTime:0.0003s ]
SQL: SHOW COLUMNS FROM `pet` [ RunTime:0.0122s ]
SQL: SELECT * FROM `pet` WHERE ( id=1 )  [ RunTime:0.0004s ]
SQL: SHOW COLUMNS FROM `room` [ RunTime:0.0140s ]
SQL: SELECT * FROM `room` WHERE ( nownum<capacity )  [ RunTime:0.0004s ]
SQL: SHOW COLUMNS FROM `careworker` [ RunTime:0.0125s ]
SQL: SELECT * FROM `careworker`  [ RunTime:0.0003s ]
SQL: SHOW COLUMNS FROM `lookafter` [ RunTime:0.0101s ]
SQL: SELECT * FROM `lookafter` WHERE ( petid=1 )  [ RunTime:0.0003s ]
INFO: [ view_parse ] --START--
NOTIC: [2] file_get_contents(./Application/Home/View/Public/header.html): failed to open stream: No such file or directory D:\Apache24\htdocs\Pets\ThinkPHP\Library\Think\Template.class.php 第 696 行.
NOTIC: [2] file_get_contents(./Application/Home/View/Public/footer.html): failed to open stream: No such file or directory D:\Apache24\htdocs\Pets\ThinkPHP\Library\Think\Template.class.php 第 696 行.
INFO: [ template_filter ] --START--
INFO: Run Behavior\ContentReplaceBehavior [ RunTime:0.000145s ]
INFO: [ template_filter ] --END-- [ RunTime:0.000177s ]
NOTIC: [8] Undefined variable: id D:\Apache24\htdocs\Pets\Application\Runtime\Cache\Home\2dd8c519fd5178cca0e2dc5b1e19c51f.php 第 284 行.
NOTIC: [8] Undefined index: female D:\Apache24\htdocs\Pets\Application\Runtime\Cache\Home\2dd8c519fd5178cca0e2dc5b1e19c51f.php 第 331 行.
INFO: Run Behavior\ParseTemplateBehavior [ RunTime:0.087963s ]
INFO: [ view_parse ] --END-- [ RunTime:0.087997s ]
INFO: [ view_filter ] --START--
INFO: Run Behavior\WriteHtmlCacheBehavior [ RunTime:0.000216s ]
INFO: [ view_filter ] --END-- [ RunTime:0.000242s ]
INFO: [ app_end ] --START--
INFO: Run Behavior\ShowPageTraceBehavior [ RunTime:0.000673s ]
INFO: [ app_end ] --END-- [ RunTime:0.000728s ]

[ 2017-09-09T19:00:54+08:00 ] ::1 /Pets/index.php/Home/Index/pet/id/1.html
INFO: [ app_init ] --START--
INFO: Run Behavior\BuildLiteBehavior [ RunTime:0.000017s ]
INFO: [ app_init ] --END-- [ RunTime:0.000246s ]
INFO: [ app_begin ] --START--
INFO: Run Behavior\ReadHtmlCacheBehavior [ RunTime:0.000280s ]
INFO: [ app_begin ] --END-- [ RunTime:0.000304s ]
SQL: SHOW COLUMNS FROM `admin` [ RunTime:0.0113s ]
SQL: SELECT * FROM `admin` WHERE ( adminaccount='222' )  [ RunTime:0.0003s ]
SQL: SHOW COLUMNS FROM `pet` [ RunTime:0.0091s ]
SQL: SELECT * FROM `pet` WHERE ( id=1 )  [ RunTime:0.0003s ]
SQL: SHOW COLUMNS FROM `room` [ RunTime:0.0087s ]
SQL: SELECT * FROM `room` WHERE ( nownum<capacity )  [ RunTime:0.0003s ]
SQL: SHOW COLUMNS FROM `careworker` [ RunTime:0.0103s ]
SQL: SELECT * FROM `careworker`  [ RunTime:0.0003s ]
SQL: SHOW COLUMNS FROM `lookafter` [ RunTime:0.0121s ]
SQL: SELECT * FROM `lookafter` WHERE ( petid=1 )  [ RunTime:0.0003s ]
INFO: [ view_parse ] --START--
NOTIC: [2] file_get_contents(./Application/Home/View/Public/header.html): failed to open stream: No such file or directory D:\Apache24\htdocs\Pets\ThinkPHP\Library\Think\Template.class.php 第 696 行.
NOTIC: [2] file_get_contents(./Application/Home/View/Public/footer.html): failed to open stream: No such file or directory D:\Apache24\htdocs\Pets\ThinkPHP\Library\Think\Template.class.php 第 696 行.
INFO: [ template_filter ] --START--
INFO: Run Behavior\ContentReplaceBehavior [ RunTime:0.000130s ]
INFO: [ template_filter ] --END-- [ RunTime:0.000161s ]
NOTIC: [8] Undefined variable: id D:\Apache24\htdocs\Pets\Application\Runtime\Cache\Home\2dd8c519fd5178cca0e2dc5b1e19c51f.php 第 284 行.
NOTIC: [8] Undefined index: female D:\Apache24\htdocs\Pets\Application\Runtime\Cache\Home\2dd8c519fd5178cca0e2dc5b1e19c51f.php 第 331 行.
INFO: Run Behavior\ParseTemplateBehavior [ RunTime:0.083917s ]
INFO: [ view_parse ] --END-- [ RunTime:0.083949s ]
INFO: [ view_filter ] --START--
INFO: Run Behavior\WriteHtmlCacheBehavior [ RunTime:0.000200s ]
INFO: [ view_filter ] --END-- [ RunTime:0.000221s ]
INFO: [ app_end ] --START--
INFO: Run Behavior\ShowPageTraceBehavior [ RunTime:0.000714s ]
INFO: [ app_end ] --END-- [ RunTime:0.000835s ]

