[ 2017-02-06T17:16:41+08:00 ] ::1 /Pets/index.php
INFO: [ app_init ] --START--
INFO: Run Behavior\BuildLiteBehavior [ RunTime:0.000016s ]
INFO: [ app_init ] --END-- [ RunTime:0.000982s ]
INFO: [ app_begin ] --START--
INFO: Run Behavior\ReadHtmlCacheBehavior [ RunTime:0.001603s ]
INFO: [ app_begin ] --END-- [ RunTime:0.001646s ]

[ 2017-02-06T17:16:41+08:00 ] ::1 /Pets/index.php/Home/Index/login.html
INFO: [ app_init ] --START--
INFO: Run Behavior\BuildLiteBehavior [ RunTime:0.000007s ]
INFO: [ app_init ] --END-- [ RunTime:0.000341s ]
INFO: [ app_begin ] --START--
INFO: Run Behavior\ReadHtmlCacheBehavior [ RunTime:0.000882s ]
INFO: [ app_begin ] --END-- [ RunTime:0.000931s ]
INFO: [ view_parse ] --START--
INFO: [ template_filter ] --START--
INFO: Run Behavior\ContentReplaceBehavior [ RunTime:0.000038s ]
INFO: [ template_filter ] --END-- [ RunTime:0.000075s ]
INFO: Run Behavior\ParseTemplateBehavior [ RunTime:0.007855s ]
INFO: [ view_parse ] --END-- [ RunTime:0.007899s ]
INFO: [ view_filter ] --START--
INFO: Run Behavior\WriteHtmlCacheBehavior [ RunTime:0.001090s ]
INFO: [ view_filter ] --END-- [ RunTime:0.001125s ]
INFO: [ app_end ] --START--
INFO: Run Behavior\ShowPageTraceBehavior [ RunTime:0.001073s ]
INFO: [ app_end ] --END-- [ RunTime:0.001109s ]

[ 2017-02-06T17:16:44+08:00 ] ::1 /Pets/index.php/Home/Index/login.html
INFO: [ app_init ] --START--
INFO: Run Behavior\BuildLiteBehavior [ RunTime:0.000009s ]
INFO: [ app_init ] --END-- [ RunTime:0.000306s ]
INFO: [ app_begin ] --START--
INFO: Run Behavior\ReadHtmlCacheBehavior [ RunTime:0.000611s ]
INFO: [ app_begin ] --END-- [ RunTime:0.000643s ]
INFO: [ view_parse ] --START--
INFO: [ template_filter ] --START--
INFO: Run Behavior\ContentReplaceBehavior [ RunTime:0.000035s ]
INFO: [ template_filter ] --END-- [ RunTime:0.000066s ]
INFO: Run Behavior\ParseTemplateBehavior [ RunTime:0.005125s ]
INFO: [ view_parse ] --END-- [ RunTime:0.005156s ]
INFO: [ view_filter ] --START--
INFO: Run Behavior\WriteHtmlCacheBehavior [ RunTime:0.000434s ]
INFO: [ view_filter ] --END-- [ RunTime:0.000455s ]
SQL: SHOW COLUMNS FROM `admin` [ RunTime:0.0066s ]
SQL: SELECT * FROM `admin` WHERE ( adminaccount="222" and adminpassword="bcbe3365e6ac95ea2c0343a2395834dd" )  [ RunTime:0.0003s ]

[ 2017-02-06T17:16:45+08:00 ] ::1 /Pets/index.php/Home/Index.html
INFO: [ app_init ] --START--
INFO: Run Behavior\BuildLiteBehavior [ RunTime:0.000014s ]
INFO: [ app_init ] --END-- [ RunTime:0.000665s ]
INFO: [ app_begin ] --START--
INFO: Run Behavior\ReadHtmlCacheBehavior [ RunTime:0.000964s ]
INFO: [ app_begin ] --END-- [ RunTime:0.000999s ]
SQL: SHOW COLUMNS FROM `admin` [ RunTime:0.0048s ]
SQL: SELECT * FROM `admin` WHERE ( adminaccount='222' )  [ RunTime:0.0002s ]
SQL: SHOW COLUMNS FROM `user` [ RunTime:0.0057s ]
SQL: SELECT * FROM `user` ORDER BY id  [ RunTime:0.0003s ]
INFO: [ view_parse ] --START--
NOTIC: [2] file_get_contents(./Application/Home/View/Public/header.html): failed to open stream: No such file or directory D:\Apache24\htdocs\Pets\ThinkPHP\Library\Think\Template.class.php 第 696 行.
NOTIC: [2] file_get_contents(./Application/Home/View/Public/footer.html): failed to open stream: No such file or directory D:\Apache24\htdocs\Pets\ThinkPHP\Library\Think\Template.class.php 第 696 行.
INFO: [ template_filter ] --START--
INFO: Run Behavior\ContentReplaceBehavior [ RunTime:0.000072s ]
INFO: [ template_filter ] --END-- [ RunTime:0.000123s ]
INFO: Run Behavior\ParseTemplateBehavior [ RunTime:0.010912s ]
INFO: [ view_parse ] --END-- [ RunTime:0.010958s ]
INFO: [ view_filter ] --START--
INFO: Run Behavior\WriteHtmlCacheBehavior [ RunTime:0.000507s ]
INFO: [ view_filter ] --END-- [ RunTime:0.000537s ]
INFO: [ app_end ] --START--
INFO: Run Behavior\ShowPageTraceBehavior [ RunTime:0.001239s ]
INFO: [ app_end ] --END-- [ RunTime:0.001294s ]

[ 2017-02-06T17:16:48+08:00 ] ::1 /Pets/index.php/Home/Index/petslist.html
INFO: [ app_init ] --START--
INFO: Run Behavior\BuildLiteBehavior [ RunTime:0.000014s ]
INFO: [ app_init ] --END-- [ RunTime:0.000416s ]
INFO: [ app_begin ] --START--
INFO: Run Behavior\ReadHtmlCacheBehavior [ RunTime:0.000553s ]
INFO: [ app_begin ] --END-- [ RunTime:0.000578s ]
SQL: SHOW COLUMNS FROM `admin` [ RunTime:0.0048s ]
SQL: SELECT * FROM `admin` WHERE ( adminaccount='222' )  [ RunTime:0.0002s ]
SQL: SHOW COLUMNS FROM `pet` [ RunTime:0.0045s ]
SQL: SELECT pet.id,`petname`,`breed`,`age`,`sex`,`entertime`,room.name roomname FROM pet pet,room room WHERE ( room.id=pet.roomid AND pet.istaken=0 ) ORDER BY roomname  [ RunTime:0.0015s ]
INFO: [ view_parse ] --START--
NOTIC: [2] file_get_contents(./Application/Home/View/Public/header.html): failed to open stream: No such file or directory D:\Apache24\htdocs\Pets\ThinkPHP\Library\Think\Template.class.php 第 696 行.
NOTIC: [2] file_get_contents(./Application/Home/View/Public/footer.html): failed to open stream: No such file or directory D:\Apache24\htdocs\Pets\ThinkPHP\Library\Think\Template.class.php 第 696 行.
INFO: [ template_filter ] --START--
INFO: Run Behavior\ContentReplaceBehavior [ RunTime:0.000072s ]
INFO: [ template_filter ] --END-- [ RunTime:0.000101s ]
INFO: Run Behavior\ParseTemplateBehavior [ RunTime:0.008546s ]
INFO: [ view_parse ] --END-- [ RunTime:0.008584s ]
INFO: [ view_filter ] --START--
INFO: Run Behavior\WriteHtmlCacheBehavior [ RunTime:0.000527s ]
INFO: [ view_filter ] --END-- [ RunTime:0.000550s ]
INFO: [ app_end ] --START--
INFO: Run Behavior\ShowPageTraceBehavior [ RunTime:0.000870s ]
INFO: [ app_end ] --END-- [ RunTime:0.000908s ]

[ 2017-02-06T17:16:49+08:00 ] ::1 /Pets/index.php/Home/Index/pet.html
INFO: [ app_init ] --START--
INFO: Run Behavior\BuildLiteBehavior [ RunTime:0.000008s ]
INFO: [ app_init ] --END-- [ RunTime:0.000306s ]
INFO: [ app_begin ] --START--
INFO: Run Behavior\ReadHtmlCacheBehavior [ RunTime:0.000581s ]
INFO: [ app_begin ] --END-- [ RunTime:0.000607s ]
SQL: SHOW COLUMNS FROM `admin` [ RunTime:0.0051s ]
SQL: SELECT * FROM `admin` WHERE ( adminaccount='222' )  [ RunTime:0.0002s ]
SQL: SHOW COLUMNS FROM `room` [ RunTime:0.0029s ]
SQL: SELECT * FROM `room` WHERE ( nownum<capacity )  [ RunTime:0.0002s ]
SQL: SHOW COLUMNS FROM `careworker` [ RunTime:0.0048s ]
SQL: SELECT * FROM `careworker`  [ RunTime:0.0002s ]
INFO: [ view_parse ] --START--
NOTIC: [2] file_get_contents(./Application/Home/View/Public/header.html): failed to open stream: No such file or directory D:\Apache24\htdocs\Pets\ThinkPHP\Library\Think\Template.class.php 第 696 行.
NOTIC: [2] file_get_contents(./Application/Home/View/Public/footer.html): failed to open stream: No such file or directory D:\Apache24\htdocs\Pets\ThinkPHP\Library\Think\Template.class.php 第 696 行.
INFO: [ template_filter ] --START--
INFO: Run Behavior\ContentReplaceBehavior [ RunTime:0.000135s ]
INFO: [ template_filter ] --END-- [ RunTime:0.000174s ]
NOTIC: [8] Undefined variable: id D:\Apache24\htdocs\Pets\Application\Runtime\Cache\Home\2dd8c519fd5178cca0e2dc5b1e19c51f.php 第 284 行.
NOTIC: [8] Undefined variable: list D:\Apache24\htdocs\Pets\Application\Runtime\Cache\Home\2dd8c519fd5178cca0e2dc5b1e19c51f.php 第 293 行.
NOTIC: [8] Undefined variable: list D:\Apache24\htdocs\Pets\Application\Runtime\Cache\Home\2dd8c519fd5178cca0e2dc5b1e19c51f.php 第 302 行.
NOTIC: [8] Undefined index: se D:\Apache24\htdocs\Pets\Application\Runtime\Cache\Home\2dd8c519fd5178cca0e2dc5b1e19c51f.php 第 307 行.
NOTIC: [8] Undefined index: check D:\Apache24\htdocs\Pets\Application\Runtime\Cache\Home\2dd8c519fd5178cca0e2dc5b1e19c51f.php 第 313 行.
NOTIC: [8] Undefined index: check D:\Apache24\htdocs\Pets\Application\Runtime\Cache\Home\2dd8c519fd5178cca0e2dc5b1e19c51f.php 第 313 行.
NOTIC: [8] Undefined index: check D:\Apache24\htdocs\Pets\Application\Runtime\Cache\Home\2dd8c519fd5178cca0e2dc5b1e19c51f.php 第 313 行.
NOTIC: [8] Undefined variable: list D:\Apache24\htdocs\Pets\Application\Runtime\Cache\Home\2dd8c519fd5178cca0e2dc5b1e19c51f.php 第 317 行.
NOTIC: [8] Undefined variable: list D:\Apache24\htdocs\Pets\Application\Runtime\Cache\Home\2dd8c519fd5178cca0e2dc5b1e19c51f.php 第 321 行.
NOTIC: [8] Undefined variable: list D:\Apache24\htdocs\Pets\Application\Runtime\Cache\Home\2dd8c519fd5178cca0e2dc5b1e19c51f.php 第 325 行.
NOTIC: [8] Undefined variable: list D:\Apache24\htdocs\Pets\Application\Runtime\Cache\Home\2dd8c519fd5178cca0e2dc5b1e19c51f.php 第 330 行.
NOTIC: [8] Undefined variable: list D:\Apache24\htdocs\Pets\Application\Runtime\Cache\Home\2dd8c519fd5178cca0e2dc5b1e19c51f.php 第 331 行.
NOTIC: [8] Undefined variable: list D:\Apache24\htdocs\Pets\Application\Runtime\Cache\Home\2dd8c519fd5178cca0e2dc5b1e19c51f.php 第 336 行.
INFO: Run Behavior\ParseTemplateBehavior [ RunTime:0.010285s ]
INFO: [ view_parse ] --END-- [ RunTime:0.010318s ]
INFO: [ view_filter ] --START--
INFO: Run Behavior\WriteHtmlCacheBehavior [ RunTime:0.000558s ]
INFO: [ view_filter ] --END-- [ RunTime:0.000580s ]
INFO: [ app_end ] --START--
INFO: Run Behavior\ShowPageTraceBehavior [ RunTime:0.000890s ]
INFO: [ app_end ] --END-- [ RunTime:0.000934s ]

[ 2017-02-06T17:18:07+08:00 ] ::1 /Pets/index.php/Home/Index/pet.html
INFO: [ app_init ] --START--
INFO: Run Behavior\BuildLiteBehavior [ RunTime:0.000011s ]
INFO: [ app_init ] --END-- [ RunTime:0.000466s ]
INFO: [ app_begin ] --START--
INFO: Run Behavior\ReadHtmlCacheBehavior [ RunTime:0.000709s ]
INFO: [ app_begin ] --END-- [ RunTime:0.000757s ]
SQL: SHOW COLUMNS FROM `admin` [ RunTime:0.0050s ]
SQL: SELECT * FROM `admin` WHERE ( adminaccount='222' )  [ RunTime:0.0003s ]
SQL: SHOW COLUMNS FROM `room` [ RunTime:0.0034s ]
SQL: SELECT * FROM `room` WHERE ( nownum<capacity )  [ RunTime:0.0003s ]
SQL: SHOW COLUMNS FROM `careworker` [ RunTime:0.0034s ]
SQL: SELECT * FROM `careworker`  [ RunTime:0.0002s ]
INFO: [ view_parse ] --START--
NOTIC: [2] file_get_contents(./Application/Home/View/Public/header.html): failed to open stream: No such file or directory D:\Apache24\htdocs\Pets\ThinkPHP\Library\Think\Template.class.php 第 696 行.
NOTIC: [2] file_get_contents(./Application/Home/View/Public/footer.html): failed to open stream: No such file or directory D:\Apache24\htdocs\Pets\ThinkPHP\Library\Think\Template.class.php 第 696 行.
INFO: [ template_filter ] --START--
INFO: Run Behavior\ContentReplaceBehavior [ RunTime:0.000159s ]
INFO: [ template_filter ] --END-- [ RunTime:0.000189s ]
NOTIC: [8] Undefined variable: id D:\Apache24\htdocs\Pets\Application\Runtime\Cache\Home\2dd8c519fd5178cca0e2dc5b1e19c51f.php 第 284 行.
NOTIC: [8] Undefined variable: list D:\Apache24\htdocs\Pets\Application\Runtime\Cache\Home\2dd8c519fd5178cca0e2dc5b1e19c51f.php 第 293 行.
NOTIC: [8] Undefined variable: list D:\Apache24\htdocs\Pets\Application\Runtime\Cache\Home\2dd8c519fd5178cca0e2dc5b1e19c51f.php 第 302 行.
NOTIC: [8] Undefined index: se D:\Apache24\htdocs\Pets\Application\Runtime\Cache\Home\2dd8c519fd5178cca0e2dc5b1e19c51f.php 第 307 行.
NOTIC: [8] Undefined index: check D:\Apache24\htdocs\Pets\Application\Runtime\Cache\Home\2dd8c519fd5178cca0e2dc5b1e19c51f.php 第 313 行.
NOTIC: [8] Undefined index: check D:\Apache24\htdocs\Pets\Application\Runtime\Cache\Home\2dd8c519fd5178cca0e2dc5b1e19c51f.php 第 313 行.
NOTIC: [8] Undefined index: check D:\Apache24\htdocs\Pets\Application\Runtime\Cache\Home\2dd8c519fd5178cca0e2dc5b1e19c51f.php 第 313 行.
NOTIC: [8] Undefined variable: list D:\Apache24\htdocs\Pets\Application\Runtime\Cache\Home\2dd8c519fd5178cca0e2dc5b1e19c51f.php 第 317 行.
NOTIC: [8] Undefined variable: list D:\Apache24\htdocs\Pets\Application\Runtime\Cache\Home\2dd8c519fd5178cca0e2dc5b1e19c51f.php 第 321 行.
NOTIC: [8] Undefined variable: list D:\Apache24\htdocs\Pets\Application\Runtime\Cache\Home\2dd8c519fd5178cca0e2dc5b1e19c51f.php 第 325 行.
NOTIC: [8] Undefined variable: list D:\Apache24\htdocs\Pets\Application\Runtime\Cache\Home\2dd8c519fd5178cca0e2dc5b1e19c51f.php 第 330 行.
NOTIC: [8] Undefined variable: list D:\Apache24\htdocs\Pets\Application\Runtime\Cache\Home\2dd8c519fd5178cca0e2dc5b1e19c51f.php 第 331 行.
NOTIC: [8] Undefined variable: list D:\Apache24\htdocs\Pets\Application\Runtime\Cache\Home\2dd8c519fd5178cca0e2dc5b1e19c51f.php 第 336 行.
INFO: Run Behavior\ParseTemplateBehavior [ RunTime:0.008129s ]
INFO: [ view_parse ] --END-- [ RunTime:0.008159s ]
INFO: [ view_filter ] --START--
INFO: Run Behavior\WriteHtmlCacheBehavior [ RunTime:0.000256s ]
INFO: [ view_filter ] --END-- [ RunTime:0.000277s ]
INFO: [ app_end ] --START--
INFO: Run Behavior\ShowPageTraceBehavior [ RunTime:0.000611s ]
INFO: [ app_end ] --END-- [ RunTime:0.000645s ]

[ 2017-02-06T17:25:18+08:00 ] ::1 /Pets/index.php/Home/Index/pet.html
INFO: [ app_init ] --START--
INFO: Run Behavior\BuildLiteBehavior [ RunTime:0.000010s ]
INFO: [ app_init ] --END-- [ RunTime:0.000405s ]
INFO: [ app_begin ] --START--
INFO: Run Behavior\ReadHtmlCacheBehavior [ RunTime:0.000616s ]
INFO: [ app_begin ] --END-- [ RunTime:0.000658s ]
SQL: SHOW COLUMNS FROM `admin` [ RunTime:0.0047s ]
SQL: SELECT * FROM `admin` WHERE ( adminaccount='222' )  [ RunTime:0.0003s ]
SQL: SHOW COLUMNS FROM `room` [ RunTime:0.0055s ]
SQL: SELECT * FROM `room` WHERE ( nownum<capacity )  [ RunTime:0.0003s ]
SQL: SHOW COLUMNS FROM `careworker` [ RunTime:0.0032s ]
SQL: SELECT * FROM `careworker`  [ RunTime:0.0003s ]
INFO: [ view_parse ] --START--
NOTIC: [2] file_get_contents(./Application/Home/View/Public/header.html): failed to open stream: No such file or directory D:\Apache24\htdocs\Pets\ThinkPHP\Library\Think\Template.class.php 第 696 行.
NOTIC: [2] file_get_contents(./Application/Home/View/Public/footer.html): failed to open stream: No such file or directory D:\Apache24\htdocs\Pets\ThinkPHP\Library\Think\Template.class.php 第 696 行.
INFO: [ template_filter ] --START--
INFO: Run Behavior\ContentReplaceBehavior [ RunTime:0.000150s ]
INFO: [ template_filter ] --END-- [ RunTime:0.000178s ]
NOTIC: [8] Undefined variable: id D:\Apache24\htdocs\Pets\Application\Runtime\Cache\Home\2dd8c519fd5178cca0e2dc5b1e19c51f.php 第 284 行.
NOTIC: [8] Undefined variable: list D:\Apache24\htdocs\Pets\Application\Runtime\Cache\Home\2dd8c519fd5178cca0e2dc5b1e19c51f.php 第 293 行.
NOTIC: [8] Undefined variable: list D:\Apache24\htdocs\Pets\Application\Runtime\Cache\Home\2dd8c519fd5178cca0e2dc5b1e19c51f.php 第 302 行.
NOTIC: [8] Undefined index: se D:\Apache24\htdocs\Pets\Application\Runtime\Cache\Home\2dd8c519fd5178cca0e2dc5b1e19c51f.php 第 307 行.
NOTIC: [8] Undefined index: check D:\Apache24\htdocs\Pets\Application\Runtime\Cache\Home\2dd8c519fd5178cca0e2dc5b1e19c51f.php 第 313 行.
NOTIC: [8] Undefined index: check D:\Apache24\htdocs\Pets\Application\Runtime\Cache\Home\2dd8c519fd5178cca0e2dc5b1e19c51f.php 第 313 行.
NOTIC: [8] Undefined index: check D:\Apache24\htdocs\Pets\Application\Runtime\Cache\Home\2dd8c519fd5178cca0e2dc5b1e19c51f.php 第 313 行.
NOTIC: [8] Undefined variable: list D:\Apache24\htdocs\Pets\Application\Runtime\Cache\Home\2dd8c519fd5178cca0e2dc5b1e19c51f.php 第 317 行.
NOTIC: [8] Undefined variable: list D:\Apache24\htdocs\Pets\Application\Runtime\Cache\Home\2dd8c519fd5178cca0e2dc5b1e19c51f.php 第 321 行.
NOTIC: [8] Undefined variable: list D:\Apache24\htdocs\Pets\Application\Runtime\Cache\Home\2dd8c519fd5178cca0e2dc5b1e19c51f.php 第 325 行.
NOTIC: [8] Undefined variable: list D:\Apache24\htdocs\Pets\Application\Runtime\Cache\Home\2dd8c519fd5178cca0e2dc5b1e19c51f.php 第 330 行.
NOTIC: [8] Undefined variable: list D:\Apache24\htdocs\Pets\Application\Runtime\Cache\Home\2dd8c519fd5178cca0e2dc5b1e19c51f.php 第 331 行.
NOTIC: [8] Undefined variable: list D:\Apache24\htdocs\Pets\Application\Runtime\Cache\Home\2dd8c519fd5178cca0e2dc5b1e19c51f.php 第 336 行.
INFO: Run Behavior\ParseTemplateBehavior [ RunTime:0.007053s ]
INFO: [ view_parse ] --END-- [ RunTime:0.007078s ]
INFO: [ view_filter ] --START--
INFO: Run Behavior\WriteHtmlCacheBehavior [ RunTime:0.000234s ]
INFO: [ view_filter ] --END-- [ RunTime:0.000253s ]
INFO: [ app_end ] --START--
INFO: Run Behavior\ShowPageTraceBehavior [ RunTime:0.000527s ]
INFO: [ app_end ] --END-- [ RunTime:0.000567s ]

